This is pdfTeXk, Version 3.141592-1.40.3 (Web2C 7.5.6) (format=pdflatex 2008.6.7)  25 OCT 2008 22:16
entering extended mode
 %&-line parsing enabled.
**grandads_book
(./grandads_book.tex
LaTeX2e <2005/12/01>
Babel <v3.8h> and hyphenation patterns for english, usenglishmax, dumylang, noh
yphenation, loaded.
(/usr/share/texmf-texlive/tex/latex/base/book.cls
Document Class: book 2005/09/16 v1.4f Standard LaTeX document class
(/usr/share/texmf-texlive/tex/latex/base/bk10.clo
File: bk10.clo 2005/09/16 v1.4f Standard LaTeX file (size option)
)
\c@part=\count79
\c@chapter=\count80
\c@section=\count81
\c@subsection=\count82
\c@subsubsection=\count83
\c@paragraph=\count84
\c@subparagraph=\count85
\c@figure=\count86
\c@table=\count87
\abovecaptionskip=\skip41
\belowcaptionskip=\skip42
\bibindent=\dimen102
) (./grandads_book.aux)
\openout1 = `grandads_book.aux'.

LaTeX Font Info:    Checking defaults for OML/cmm/m/it on input line 6.
LaTeX Font Info:    ... okay on input line 6.
LaTeX Font Info:    Checking defaults for T1/cmr/m/n on input line 6.
LaTeX Font Info:    ... okay on input line 6.
LaTeX Font Info:    Checking defaults for OT1/cmr/m/n on input line 6.
LaTeX Font Info:    ... okay on input line 6.
LaTeX Font Info:    Checking defaults for OMS/cmsy/m/n on input line 6.
LaTeX Font Info:    ... okay on input line 6.
LaTeX Font Info:    Checking defaults for OMX/cmex/m/n on input line 6.
LaTeX Font Info:    ... okay on input line 6.
LaTeX Font Info:    Checking defaults for U/cmr/m/n on input line 6.
LaTeX Font Info:    ... okay on input line 6.
LaTeX Font Info:    External font `cmex10' loaded for size
(Font)              <12> on input line 35.
LaTeX Font Info:    External font `cmex10' loaded for size
(Font)              <8> on input line 35.
LaTeX Font Info:    External font `cmex10' loaded for size
(Font)              <6> on input line 35.

[1


{/var/lib/texmf/fonts/map/pdftex/updmap/pdftex.map}] [2

] (./foreward.tex)
[3] [4

]
Chapter 1.
(./chapter1.tex [5]) [6]
Chapter 2.
(./chapter2.tex [7

]
LaTeX Font Info:    External font `cmex10' loaded for size
(Font)              <7> on input line 72.
LaTeX Font Info:    External font `cmex10' loaded for size
(Font)              <5> on input line 72.
 [8] [9] [10] [11] [12]) [13] [14

]
Chapter 3.
(./chapter3.tex [15] [16] [17] [18] [19] [20] [21] [22]) [23] [24

]
Chapter 4.
(./chapter4.tex [25]) [26]
Chapter 5.
(./chapter5.tex
Underfull \vbox (badness 1137) has occurred while \output is active []

 [27

]
[28] [29]) [30]
Chapter 6.
(./chapter6.tex [31

] [32] [33] [34] [35] [36] [37] [38] [39] [40] [41] [42]
[43] [44] [45] [46] [47] [48] [49] [50] [51]) [52]
Chapter 7.
(./chapter7.tex
Underfull \vbox (badness 2698) has occurred while \output is active []

 [53

]
[54] [55]) [56]
Chapter 8.
(./chapter8.tex [57

] [58] [59] [60] [61]) [62] [63] [64

]
Chapter 9.
(./chapter9.tex [65] [66] [67] [68] [69] [70] [71] [72] [73] [74] [75] [76]
[77] [78]
Overfull \hbox (5.084pt too wide) in paragraph at lines 788--805
[]\OT1/cmr/m/n/10 Mobile bath units be-gan op-er-a-tiong in the area nad one mo
rn-ing L.SgtWebster
 []

[79] [80]) [81] [82

]
Chapter 10.
(./chapter10.tex [83] [84] [85] [86] [87] [88] [89]) [90]
Chapter 11.
(./chapter11.tex [91

] [92] [93] [94] [95] [96]) [97] [98

]
Chapter 12.
(./chapter12.tex [99] [100] [101] [102] [103]) [104]
Chapter 13.
(./chapter13.tex [105

] [106] [107] [108] [109] [110]) [111] [112

]
Chapter 14.
(./chapter14.tex [113] [114] [115] [116] [117] [118] [119]) [120]
Appendix A.
(./appendix.tex [121

]) [122] (./grandads_book.aux) ) 
Here is how much of TeX's memory you used:
 333 strings out of 95086
 3580 string characters out of 1183256
 54362 words of memory out of 1500000
 3532 multiletter control sequences out of 10000+50000
 8548 words of font info for 30 fonts, out of 1200000 for 2000
 28 hyphenation exceptions out of 8191
 26i,8n,17p,707b,186s stack positions out of 5000i,500n,6000p,200000b,5000s
</usr/share/texmf-texlive/fonts/type1/bluesky/c
m/cmbx10.pfb></usr/share/texmf-texlive/fonts/type1/bluesky/cm/cmbx12.pfb></usr/
share/texmf-texlive/fonts/type1/bluesky/cm/cmr10.pfb></usr/share/texmf-texlive/
fonts/type1/bluesky/cm/cmr12.pfb></usr/share/texmf-texlive/fonts/type1/bluesky/
cm/cmr17.pfb></usr/share/texmf-texlive/fonts/type1/bluesky/cm/cmr6.pfb></usr/sh
are/texmf-texlive/fonts/type1/bluesky/cm/cmr7.pfb></usr/share/texmf-texlive/fon
ts/type1/bluesky/cm/cmr8.pfb></usr/share/texmf-texlive/fonts/type1/bluesky/cm/c
msl10.pfb>
Output written on grandads_book.pdf (122 pages, 431827 bytes).
PDF statistics:
 430 PDF objects out of 1000 (max. 8388607)
 0 named destinations out of 1000 (max. 131072)
 1 words of extra memory for PDF output out of 10000 (max. 10000000)

